android/app/build/intermediates/manifest_merge_blame_file/debug/manifest-merger-blame-debug-report.txt
1<?xml version="1.0" encoding="utf-8"?>
2<manifest xmlns:android="http://schemas.android.com/apk/res/android"
3    package="com.wavy_navigation"
4    android:versionCode="1"
5    android:versionName="1.0" >
6
7    <uses-sdk
8        android:minSdkVersion="21"
9        android:targetSdkVersion="31" />
10
11    <uses-permission android:name="android.permission.SYSTEM_ALERT_WINDOW" />
11-->src/debug/AndroidManifest.xml:5:5-77
11-->src/debug/AndroidManifest.xml:5:22-75
12    <uses-permission android:name="android.permission.INTERNET" />
12-->src/main/AndroidManifest.xml:4:5-67
12-->src/main/AndroidManifest.xml:4:22-64
13    <uses-permission android:name="android.permission.ACCESS_WIFI_STATE" />
13-->[com.facebook.flipper:flipper:0.125.0] AndroidManifest.xml:16:5-76
13-->[com.facebook.flipper:flipper:0.125.0] AndroidManifest.xml:16:22-73
14    <uses-permission android:name="android.permission.WAKE_LOCK" />
14-->[androidx.work:work-runtime:2.7.1] AndroidManifest.xml:25:5-68
14-->[androidx.work:work-runtime:2.7.1] AndroidManifest.xml:25:22-65
15    <uses-permission android:name="android.permission.ACCESS_NETWORK_STATE" />
15-->[androidx.work:work-runtime:2.7.1] AndroidManifest.xml:26:5-79
15-->[androidx.work:work-runtime:2.7.1] AndroidManifest.xml:26:22-76
16    <uses-permission android:name="android.permission.RECEIVE_BOOT_COMPLETED" />
16-->[androidx.work:work-runtime:2.7.1] AndroidManifest.xml:27:5-81
16-->[androidx.work:work-runtime:2.7.1] AndroidManifest.xml:27:22-78
17    <uses-permission android:name="android.permission.FOREGROUND_SERVICE" /> <!-- Required by older versions of Google Play services to create IID tokens -->
17-->[androidx.work:work-runtime:2.7.1] AndroidManifest.xml:28:5-77
17-->[androidx.work:work-runtime:2.7.1] AndroidManifest.xml:28:22-74
18    <uses-permission android:name="com.google.android.c2dm.permission.RECEIVE" />
18-->[com.google.android.gms:play-services-iid:17.0.0] AndroidManifest.xml:23:5-82
18-->[com.google.android.gms:play-services-iid:17.0.0] AndroidManifest.xml:23:22-79
19
20    <uses-feature
20-->[com.google.android.gms:play-services-maps:18.0.2] AndroidManifest.xml:26:5-28:35
21        android:glEsVersion="0x00020000"
21-->[com.google.android.gms:play-services-maps:18.0.2] AndroidManifest.xml:27:9-41
22        android:required="true" />
22-->[com.google.android.gms:play-services-maps:18.0.2] AndroidManifest.xml:28:9-32
23
24    <queries>
24-->[com.google.android.gms:play-services-maps:18.0.2] AndroidManifest.xml:30:5-34:15
25
26        <!-- Needs to be explicitly declared on Android R+ -->
27        <package android:name="com.google.android.apps.maps" />
27-->[com.google.android.gms:play-services-maps:18.0.2] AndroidManifest.xml:33:9-64
27-->[com.google.android.gms:play-services-maps:18.0.2] AndroidManifest.xml:33:18-61
28    </queries>
29
30    <uses-permission android:name="com.google.android.finsky.permission.BIND_GET_INSTALL_REFERRER_SERVICE" />
30-->[com.android.installreferrer:installreferrer:1.1.2] AndroidManifest.xml:9:5-110
30-->[com.android.installreferrer:installreferrer:1.1.2] AndroidManifest.xml:9:22-107
31
32    <application
32-->src/main/AndroidManifest.xml:6:5-31:19
33        android:name="com.wavy_navigation.MainApplication"
33-->src/main/AndroidManifest.xml:7:7-38
34        android:allowBackup="false"
34-->src/main/AndroidManifest.xml:11:7-34
35        android:appComponentFactory="androidx.core.app.CoreComponentFactory"
35-->[androidx.core:core:1.6.0] AndroidManifest.xml:24:18-86
36        android:debuggable="true"
37        android:icon="@mipmap/ic_launcher"
37-->src/main/AndroidManifest.xml:9:7-41
38        android:label="@string/app_name"
38-->src/main/AndroidManifest.xml:8:7-39
39        android:roundIcon="@mipmap/ic_launcher_round"
39-->src/main/AndroidManifest.xml:10:7-52
40        android:theme="@style/AppTheme"
40-->src/main/AndroidManifest.xml:12:7-38
41        android:usesCleartextTraffic="true" >
41-->src/debug/AndroidManifest.xml:8:9-44
42        <activity
42-->src/debug/AndroidManifest.xml:11:9-111
43            android:name="com.facebook.react.devsupport.DevSettingsActivity"
43-->src/debug/AndroidManifest.xml:11:19-83
44            android:exported="false" />
44-->src/debug/AndroidManifest.xml:11:84-108
45
46        <meta-data
46-->src/main/AndroidManifest.xml:14:7-17:7
47            android:name="com.google.android.geo.API_KEY"
47-->src/main/AndroidManifest.xml:15:7-52
48            android:value="AIzaSyDgeSzpacyGnNUXkDfADHv6P9H9SCdRoZ0" />
48-->src/main/AndroidManifest.xml:16:7-62
49
50        <activity
50-->src/main/AndroidManifest.xml:19:7-30:18
51            android:name="com.wavy_navigation.MainActivity"
51-->src/main/AndroidManifest.xml:20:9-37
52            android:configChanges="keyboard|keyboardHidden|orientation|screenLayout|screenSize|smallestScreenSize|uiMode"
52-->src/main/AndroidManifest.xml:22:9-118
53            android:exported="true"
53-->src/main/AndroidManifest.xml:25:9-32
54            android:label="@string/app_name"
54-->src/main/AndroidManifest.xml:21:9-41
55            android:launchMode="singleTask"
55-->src/main/AndroidManifest.xml:23:9-40
56            android:windowSoftInputMode="adjustResize" >
56-->src/main/AndroidManifest.xml:24:9-51
57            <intent-filter>
57-->src/main/AndroidManifest.xml:26:9-29:25
58                <action android:name="android.intent.action.MAIN" />
58-->src/main/AndroidManifest.xml:27:13-65
58-->src/main/AndroidManifest.xml:27:21-62
59
60                <category android:name="android.intent.category.LAUNCHER" />
60-->src/main/AndroidManifest.xml:28:13-73
60-->src/main/AndroidManifest.xml:28:23-70
61            </intent-filter>
62        </activity>
63
64        <provider
64-->[androidx.work:work-runtime:2.7.1] AndroidManifest.xml:31:9-39:20
65            android:name="androidx.startup.InitializationProvider"
65-->[androidx.work:work-runtime:2.7.1] AndroidManifest.xml:32:13-67
66            android:authorities="com.wavy_navigation.androidx-startup"
66-->[androidx.work:work-runtime:2.7.1] AndroidManifest.xml:33:13-68
67            android:exported="false" >
67-->[androidx.work:work-runtime:2.7.1] AndroidManifest.xml:34:13-37
68            <meta-data
68-->[androidx.work:work-runtime:2.7.1] AndroidManifest.xml:36:13-38:52
69                android:name="androidx.work.WorkManagerInitializer"
69-->[androidx.work:work-runtime:2.7.1] AndroidManifest.xml:37:17-68
70                android:value="androidx.startup" />
70-->[androidx.work:work-runtime:2.7.1] AndroidManifest.xml:38:17-49
71        </provider>
72
73        <service
73-->[androidx.work:work-runtime:2.7.1] AndroidManifest.xml:41:9-46:35
74            android:name="androidx.work.impl.background.systemalarm.SystemAlarmService"
74-->[androidx.work:work-runtime:2.7.1] AndroidManifest.xml:42:13-88
75            android:directBootAware="false"
75-->[androidx.work:work-runtime:2.7.1] AndroidManifest.xml:43:13-44
76            android:enabled="@bool/enable_system_alarm_service_default"
76-->[androidx.work:work-runtime:2.7.1] AndroidManifest.xml:44:13-72
77            android:exported="false" />
77-->[androidx.work:work-runtime:2.7.1] AndroidManifest.xml:45:13-37
78        <service
78-->[androidx.work:work-runtime:2.7.1] AndroidManifest.xml:47:9-53:35
79            android:name="androidx.work.impl.background.systemjob.SystemJobService"
79-->[androidx.work:work-runtime:2.7.1] AndroidManifest.xml:48:13-84
80            android:directBootAware="false"
80-->[androidx.work:work-runtime:2.7.1] AndroidManifest.xml:49:13-44
81            android:enabled="@bool/enable_system_job_service_default"
81-->[androidx.work:work-runtime:2.7.1] AndroidManifest.xml:50:13-70
82            android:exported="true"
82-->[androidx.work:work-runtime:2.7.1] AndroidManifest.xml:51:13-36
83            android:permission="android.permission.BIND_JOB_SERVICE" />
83-->[androidx.work:work-runtime:2.7.1] AndroidManifest.xml:52:13-69
84        <service
84-->[androidx.work:work-runtime:2.7.1] AndroidManifest.xml:54:9-59:35
85            android:name="androidx.work.impl.foreground.SystemForegroundService"
85-->[androidx.work:work-runtime:2.7.1] AndroidManifest.xml:55:13-81
86            android:directBootAware="false"
86-->[androidx.work:work-runtime:2.7.1] AndroidManifest.xml:56:13-44
87            android:enabled="@bool/enable_system_foreground_service_default"
87-->[androidx.work:work-runtime:2.7.1] AndroidManifest.xml:57:13-77
88            android:exported="false" />
88-->[androidx.work:work-runtime:2.7.1] AndroidManifest.xml:58:13-37
89
90        <receiver
90-->[androidx.work:work-runtime:2.7.1] AndroidManifest.xml:61:9-66:35
91            android:name="androidx.work.impl.utils.ForceStopRunnable$BroadcastReceiver"
91-->[androidx.work:work-runtime:2.7.1] AndroidManifest.xml:62:13-88
92            android:directBootAware="false"
92-->[androidx.work:work-runtime:2.7.1] AndroidManifest.xml:63:13-44
93            android:enabled="true"
93-->[androidx.work:work-runtime:2.7.1] AndroidManifest.xml:64:13-35
94            android:exported="false" />
94-->[androidx.work:work-runtime:2.7.1] AndroidManifest.xml:65:13-37
95        <receiver
95-->[androidx.work:work-runtime:2.7.1] AndroidManifest.xml:67:9-77:20
96            android:name="androidx.work.impl.background.systemalarm.ConstraintProxy$BatteryChargingProxy"
96-->[androidx.work:work-runtime:2.7.1] AndroidManifest.xml:68:13-106
97            android:directBootAware="false"
97-->[androidx.work:work-runtime:2.7.1] AndroidManifest.xml:69:13-44
98            android:enabled="false"
98-->[androidx.work:work-runtime:2.7.1] AndroidManifest.xml:70:13-36
99            android:exported="false" >
99-->[androidx.work:work-runtime:2.7.1] AndroidManifest.xml:71:13-37
100            <intent-filter>
100-->[androidx.work:work-runtime:2.7.1] AndroidManifest.xml:73:13-76:29
101                <action android:name="android.intent.action.ACTION_POWER_CONNECTED" />
101-->[androidx.work:work-runtime:2.7.1] AndroidManifest.xml:74:17-87
101-->[androidx.work:work-runtime:2.7.1] AndroidManifest.xml:74:25-84
102                <action android:name="android.intent.action.ACTION_POWER_DISCONNECTED" />
102-->[androidx.work:work-runtime:2.7.1] AndroidManifest.xml:75:17-90
102-->[androidx.work:work-runtime:2.7.1] AndroidManifest.xml:75:25-87
103            </intent-filter>
104        </receiver>
105        <receiver
105-->[androidx.work:work-runtime:2.7.1] AndroidManifest.xml:78:9-88:20
106            android:name="androidx.work.impl.background.systemalarm.ConstraintProxy$BatteryNotLowProxy"
106-->[androidx.work:work-runtime:2.7.1] AndroidManifest.xml:79:13-104
107            android:directBootAware="false"
107-->[androidx.work:work-runtime:2.7.1] AndroidManifest.xml:80:13-44
108            android:enabled="false"
108-->[androidx.work:work-runtime:2.7.1] AndroidManifest.xml:81:13-36
109            android:exported="false" >
109-->[androidx.work:work-runtime:2.7.1] AndroidManifest.xml:82:13-37
110            <intent-filter>
110-->[androidx.work:work-runtime:2.7.1] AndroidManifest.xml:84:13-87:29
111                <action android:name="android.intent.action.BATTERY_OKAY" />
111-->[androidx.work:work-runtime:2.7.1] AndroidManifest.xml:85:17-77
111-->[androidx.work:work-runtime:2.7.1] AndroidManifest.xml:85:25-74
112                <action android:name="android.intent.action.BATTERY_LOW" />
112-->[androidx.work:work-runtime:2.7.1] AndroidManifest.xml:86:17-76
112-->[androidx.work:work-runtime:2.7.1] AndroidManifest.xml:86:25-73
113            </intent-filter>
114        </receiver>
115        <receiver
115-->[androidx.work:work-runtime:2.7.1] AndroidManifest.xml:89:9-99:20
116            android:name="androidx.work.impl.background.systemalarm.ConstraintProxy$StorageNotLowProxy"
116-->[androidx.work:work-runtime:2.7.1] AndroidManifest.xml:90:13-104
117            android:directBootAware="false"
117-->[androidx.work:work-runtime:2.7.1] AndroidManifest.xml:91:13-44
118            android:enabled="false"
118-->[androidx.work:work-runtime:2.7.1] AndroidManifest.xml:92:13-36
119            android:exported="false" >
119-->[androidx.work:work-runtime:2.7.1] AndroidManifest.xml:93:13-37
120            <intent-filter>
120-->[androidx.work:work-runtime:2.7.1] AndroidManifest.xml:95:13-98:29
121                <action android:name="android.intent.action.DEVICE_STORAGE_LOW" />
121-->[androidx.work:work-runtime:2.7.1] AndroidManifest.xml:96:17-83
121-->[androidx.work:work-runtime:2.7.1] AndroidManifest.xml:96:25-80
122                <action android:name="android.intent.action.DEVICE_STORAGE_OK" />
122-->[androidx.work:work-runtime:2.7.1] AndroidManifest.xml:97:17-82
122-->[androidx.work:work-runtime:2.7.1] AndroidManifest.xml:97:25-79
123            </intent-filter>
124        </receiver>
125        <receiver
125-->[androidx.work:work-runtime:2.7.1] AndroidManifest.xml:100:9-109:20
126            android:name="androidx.work.impl.background.systemalarm.ConstraintProxy$NetworkStateProxy"
126-->[androidx.work:work-runtime:2.7.1] AndroidManifest.xml:101:13-103
127            android:directBootAware="false"
127-->[androidx.work:work-runtime:2.7.1] AndroidManifest.xml:102:13-44
128            android:enabled="false"
128-->[androidx.work:work-runtime:2.7.1] AndroidManifest.xml:103:13-36
129            android:exported="false" >
129-->[androidx.work:work-runtime:2.7.1] AndroidManifest.xml:104:13-37
130            <intent-filter>
130-->[androidx.work:work-runtime:2.7.1] AndroidManifest.xml:106:13-108:29
131                <action android:name="android.net.conn.CONNECTIVITY_CHANGE" />
131-->[androidx.work:work-runtime:2.7.1] AndroidManifest.xml:107:17-79
131-->[androidx.work:work-runtime:2.7.1] AndroidManifest.xml:107:25-76
132            </intent-filter>
133        </receiver>
134        <receiver
134-->[androidx.work:work-runtime:2.7.1] AndroidManifest.xml:110:9-121:20
135            android:name="androidx.work.impl.background.systemalarm.RescheduleReceiver"
135-->[androidx.work:work-runtime:2.7.1] AndroidManifest.xml:111:13-88
136            android:directBootAware="false"
136-->[androidx.work:work-runtime:2.7.1] AndroidManifest.xml:112:13-44
137            android:enabled="false"
137-->[androidx.work:work-runtime:2.7.1] AndroidManifest.xml:113:13-36
138            android:exported="false" >
138-->[androidx.work:work-runtime:2.7.1] AndroidManifest.xml:114:13-37
139            <intent-filter>
139-->[androidx.work:work-runtime:2.7.1] AndroidManifest.xml:116:13-120:29
140                <action android:name="android.intent.action.BOOT_COMPLETED" />
140-->[androidx.work:work-runtime:2.7.1] AndroidManifest.xml:117:17-79
140-->[androidx.work:work-runtime:2.7.1] AndroidManifest.xml:117:25-76
141                <action android:name="android.intent.action.TIME_SET" />
141-->[androidx.work:work-runtime:2.7.1] AndroidManifest.xml:118:17-73
141-->[androidx.work:work-runtime:2.7.1] AndroidManifest.xml:118:25-70
142                <action android:name="android.intent.action.TIMEZONE_CHANGED" />
142-->[androidx.work:work-runtime:2.7.1] AndroidManifest.xml:119:17-81
142-->[androidx.work:work-runtime:2.7.1] AndroidManifest.xml:119:25-78
143            </intent-filter>
144        </receiver>
145        <receiver
145-->[androidx.work:work-runtime:2.7.1] AndroidManifest.xml:122:9-131:20
146            android:name="androidx.work.impl.background.systemalarm.ConstraintProxyUpdateReceiver"
146-->[androidx.work:work-runtime:2.7.1] AndroidManifest.xml:123:13-99
147            android:directBootAware="false"
147-->[androidx.work:work-runtime:2.7.1] AndroidManifest.xml:124:13-44
148            android:enabled="@bool/enable_system_alarm_service_default"
148-->[androidx.work:work-runtime:2.7.1] AndroidManifest.xml:125:13-72
149            android:exported="false" >
149-->[androidx.work:work-runtime:2.7.1] AndroidManifest.xml:126:13-37
150            <intent-filter>
150-->[androidx.work:work-runtime:2.7.1] AndroidManifest.xml:128:13-130:29
151                <action android:name="androidx.work.impl.background.systemalarm.UpdateProxies" />
151-->[androidx.work:work-runtime:2.7.1] AndroidManifest.xml:129:17-98
151-->[androidx.work:work-runtime:2.7.1] AndroidManifest.xml:129:25-95
152            </intent-filter>
153        </receiver>
154        <receiver
154-->[androidx.work:work-runtime:2.7.1] AndroidManifest.xml:132:9-142:20
155            android:name="androidx.work.impl.diagnostics.DiagnosticsReceiver"
155-->[androidx.work:work-runtime:2.7.1] AndroidManifest.xml:133:13-78
156            android:directBootAware="false"
156-->[androidx.work:work-runtime:2.7.1] AndroidManifest.xml:134:13-44
157            android:enabled="true"
157-->[androidx.work:work-runtime:2.7.1] AndroidManifest.xml:135:13-35
158            android:exported="true"
158-->[androidx.work:work-runtime:2.7.1] AndroidManifest.xml:136:13-36
159            android:permission="android.permission.DUMP" >
159-->[androidx.work:work-runtime:2.7.1] AndroidManifest.xml:137:13-57
160            <intent-filter>
160-->[androidx.work:work-runtime:2.7.1] AndroidManifest.xml:139:13-141:29
161                <action android:name="androidx.work.diagnostics.REQUEST_DIAGNOSTICS" />
161-->[androidx.work:work-runtime:2.7.1] AndroidManifest.xml:140:17-88
161-->[androidx.work:work-runtime:2.7.1] AndroidManifest.xml:140:25-85
162            </intent-filter>
163        </receiver>
164
165        <service
165-->[androidx.room:room-runtime:2.2.5] AndroidManifest.xml:25:9-28:40
166            android:name="androidx.room.MultiInstanceInvalidationService"
166-->[androidx.room:room-runtime:2.2.5] AndroidManifest.xml:26:13-74
167            android:directBootAware="true"
167-->[androidx.room:room-runtime:2.2.5] AndroidManifest.xml:27:13-43
168            android:exported="false" /> <!-- Needs to be explicitly declared on P+ -->
168-->[androidx.room:room-runtime:2.2.5] AndroidManifest.xml:28:13-37
169        <uses-library
169-->[com.google.android.gms:play-services-maps:18.0.2] AndroidManifest.xml:39:9-41:40
170            android:name="org.apache.http.legacy"
170-->[com.google.android.gms:play-services-maps:18.0.2] AndroidManifest.xml:40:13-50
171            android:required="false" />
171-->[com.google.android.gms:play-services-maps:18.0.2] AndroidManifest.xml:41:13-37
172
173        <activity
173-->[com.google.android.gms:play-services-base:18.1.0] AndroidManifest.xml:20:9-22:45
174            android:name="com.google.android.gms.common.api.GoogleApiActivity"
174-->[com.google.android.gms:play-services-base:18.1.0] AndroidManifest.xml:20:19-85
175            android:exported="false"
175-->[com.google.android.gms:play-services-base:18.1.0] AndroidManifest.xml:22:19-43
176            android:theme="@android:style/Theme.Translucent.NoTitleBar" />
176-->[com.google.android.gms:play-services-base:18.1.0] AndroidManifest.xml:21:19-78
177
178        <meta-data
178-->[com.google.android.gms:play-services-basement:18.1.0] AndroidManifest.xml:21:9-23:69
179            android:name="com.google.android.gms.version"
179-->[com.google.android.gms:play-services-basement:18.1.0] AndroidManifest.xml:22:13-58
180            android:value="@integer/google_play_services_version" />
180-->[com.google.android.gms:play-services-basement:18.1.0] AndroidManifest.xml:23:13-66
181    </application>
182
183</manifest>